mode: set
room_booking_management/room_booking_service/internal/loggers/logger.go:24.39,25.54 1 0
room_booking_management/room_booking_service/internal/loggers/logger.go:25.54,26.79 1 0
room_booking_management/room_booking_service/internal/loggers/logger.go:29.2,31.16 3 0
room_booking_management/room_booking_service/internal/loggers/logger.go:31.16,32.70 1 0
room_booking_management/room_booking_service/internal/loggers/logger.go:35.2,54.98 5 0
room_booking_management/room_booking_service/internal/loggers/logger.go:57.56,60.2 1 0
room_booking_management/room_booking_service/internal/loggers/logger.go:61.57,65.2 1 0
room_booking_management/room_booking_service/internal/loggers/logger.go:66.56,70.2 1 0
room_booking_management/room_booking_service/internal/loggers/logger.go:71.57,74.2 1 0
room_booking_management/room_booking_service/internal/loggers/logger.go:75.25,77.2 1 0
room_booking_management/room_booking_service/internal/loggers/logger.go:79.45,80.15 1 0
room_booking_management/room_booking_service/internal/loggers/logger.go:81.15,82.28 1 0
room_booking_management/room_booking_service/internal/loggers/logger.go:83.14,84.27 1 0
room_booking_management/room_booking_service/internal/loggers/logger.go:85.14,86.27 1 0
room_booking_management/room_booking_service/internal/loggers/logger.go:87.15,88.28 1 0
room_booking_management/room_booking_service/internal/loggers/logger.go:89.10,90.27 1 0
room_booking_management/room_booking_service/internal/models/booking.go:22.36,24.2 1 0
room_booking_management/room_booking_service/internal/models/booking.go:42.32,44.2 1 0
room_booking_management/room_booking_service/internal/models/booking.go:65.35,67.2 1 0
room_booking_management/room_booking_service/internal/dtos/response_dto.go:22.32,24.2 1 0
room_booking_management/room_booking_service/internal/dtos/response_dto.go:37.42,39.2 1 0
room_booking_management/room_booking_service/internal/dtos/response_dto.go:41.60,47.2 1 0
room_booking_management/room_booking_service/internal/utils/utils.go:17.71,18.45 1 1
room_booking_management/room_booking_service/internal/utils/utils.go:18.45,20.6 1 1
room_booking_management/room_booking_service/internal/utils/utils.go:21.5,22.59 2 1
room_booking_management/room_booking_service/internal/utils/utils.go:22.59,24.6 1 1
room_booking_management/room_booking_service/internal/utils/utils.go:27.49,30.46 2 1
room_booking_management/room_booking_service/internal/utils/utils.go:30.46,31.71 1 1
room_booking_management/room_booking_service/internal/utils/utils.go:31.71,32.48 1 1
room_booking_management/room_booking_service/internal/utils/utils.go:32.48,38.14 1 1
room_booking_management/room_booking_service/internal/utils/utils.go:39.15,45.10 1 1
room_booking_management/room_booking_service/internal/utils/utils.go:48.5,48.28 1 1
room_booking_management/room_booking_service/internal/utils/utils.go:51.68,52.37 1 1
room_booking_management/room_booking_service/internal/utils/utils.go:52.37,55.6 2 1
room_booking_management/room_booking_service/internal/utils/utils.go:57.5,57.39 1 1
room_booking_management/room_booking_service/internal/utils/utils.go:58.45,59.47 1 1
room_booking_management/room_booking_service/internal/utils/utils.go:60.47,61.49 1 1
room_booking_management/room_booking_service/internal/utils/utils.go:62.45,63.58 1 1
room_booking_management/room_booking_service/internal/utils/utils.go:64.49,65.51 1 1
room_booking_management/room_booking_service/internal/utils/utils.go:66.47,67.49 1 1
room_booking_management/room_booking_service/internal/utils/utils.go:68.45,69.47 1 1
room_booking_management/room_booking_service/internal/utils/utils.go:70.13,71.58 1 1
room_booking_management/room_booking_service/internal/utils/utils.go:74.5,74.23 1 1
room_booking_management/room_booking_service/internal/utils/utils.go:76.52,78.16 2 1
room_booking_management/room_booking_service/internal/utils/utils.go:78.16,80.3 1 1
room_booking_management/room_booking_service/internal/utils/utils.go:81.2,81.14 1 1
room_booking_management/room_booking_service/internal/utils/utils.go:84.99,86.20 2 1
room_booking_management/room_booking_service/internal/utils/utils.go:86.20,88.6 1 1
room_booking_management/room_booking_service/internal/utils/utils.go:89.5,96.6 1 1
room_booking_management/room_booking_service/internal/utils/utils.go:100.100,109.2 1 1
room_booking_management/room_booking_service/internal/config/config.go:20.59,23.47 2 1
room_booking_management/room_booking_service/internal/config/config.go:23.47,24.25 1 1
room_booking_management/room_booking_service/internal/config/config.go:24.25,26.4 1 1
room_booking_management/room_booking_service/internal/config/config.go:26.9,28.4 1 0
room_booking_management/room_booking_service/internal/config/config.go:31.2,41.30 2 1
room_booking_management/room_booking_service/internal/config/config.go:41.30,43.3 1 1
room_booking_management/room_booking_service/internal/config/config.go:45.2,45.20 1 1
room_booking_management/room_booking_service/internal/config/config.go:48.46,49.42 1 1
room_booking_management/room_booking_service/internal/config/config.go:49.42,51.3 1 1
room_booking_management/room_booking_service/internal/config/config.go:52.2,52.21 1 1
room_booking_management/room_booking_service/internal/dtos/response_dto.go:22.32,24.2 1 0
room_booking_management/room_booking_service/internal/dtos/response_dto.go:37.42,39.2 1 0
room_booking_management/room_booking_service/internal/dtos/response_dto.go:41.60,47.2 1 0
room_booking_management/room_booking_service/internal/loggers/logger.go:24.39,25.54 1 1
room_booking_management/room_booking_service/internal/loggers/logger.go:25.54,26.79 1 0
room_booking_management/room_booking_service/internal/loggers/logger.go:29.2,31.16 3 1
room_booking_management/room_booking_service/internal/loggers/logger.go:31.16,32.70 1 0
room_booking_management/room_booking_service/internal/loggers/logger.go:35.2,54.98 5 1
room_booking_management/room_booking_service/internal/loggers/logger.go:57.56,60.2 1 0
room_booking_management/room_booking_service/internal/loggers/logger.go:61.57,65.2 1 1
room_booking_management/room_booking_service/internal/loggers/logger.go:66.56,70.2 1 0
room_booking_management/room_booking_service/internal/loggers/logger.go:71.57,74.2 1 0
room_booking_management/room_booking_service/internal/loggers/logger.go:75.25,77.2 1 1
room_booking_management/room_booking_service/internal/loggers/logger.go:79.45,80.15 1 1
room_booking_management/room_booking_service/internal/loggers/logger.go:81.15,82.28 1 0
room_booking_management/room_booking_service/internal/loggers/logger.go:83.14,84.27 1 0
room_booking_management/room_booking_service/internal/loggers/logger.go:85.14,86.27 1 0
room_booking_management/room_booking_service/internal/loggers/logger.go:87.15,88.28 1 0
room_booking_management/room_booking_service/internal/loggers/logger.go:89.10,90.27 1 1
room_booking_management/room_booking_service/internal/models/booking.go:22.36,24.2 1 1
room_booking_management/room_booking_service/internal/models/booking.go:42.32,44.2 1 1
room_booking_management/room_booking_service/internal/models/booking.go:65.35,67.2 1 1
room_booking_management/room_booking_service/internal/repository/booking_repository.go:35.103,37.2 1 1
room_booking_management/room_booking_service/internal/repository/booking_repository.go:40.119,46.16 3 1
room_booking_management/room_booking_service/internal/repository/booking_repository.go:46.16,47.45 1 1
room_booking_management/room_booking_service/internal/repository/booking_repository.go:47.45,49.4 1 1
room_booking_management/room_booking_service/internal/repository/booking_repository.go:50.3,51.99 2 1
room_booking_management/room_booking_service/internal/repository/booking_repository.go:54.2,54.23 1 1
room_booking_management/room_booking_service/internal/repository/booking_repository.go:57.108,58.80 1 1
room_booking_management/room_booking_service/internal/repository/booking_repository.go:58.80,61.3 2 1
room_booking_management/room_booking_service/internal/repository/booking_repository.go:62.2,62.12 1 1
room_booking_management/room_booking_service/internal/repository/booking_repository.go:64.107,70.16 3 1
room_booking_management/room_booking_service/internal/repository/booking_repository.go:70.16,71.45 1 1
room_booking_management/room_booking_service/internal/repository/booking_repository.go:71.45,77.4 1 1
room_booking_management/room_booking_service/internal/repository/booking_repository.go:78.3,79.94 2 1
room_booking_management/room_booking_service/internal/repository/booking_repository.go:82.2,82.19 1 1
room_booking_management/room_booking_service/internal/repository/booking_repository.go:86.141,96.16 3 1
room_booking_management/room_booking_service/internal/repository/booking_repository.go:96.16,99.3 2 1
room_booking_management/room_booking_service/internal/repository/booking_repository.go:101.2,101.24 1 1
room_booking_management/room_booking_service/internal/repository/booking_repository.go:104.105,105.79 1 1
room_booking_management/room_booking_service/internal/repository/booking_repository.go:105.79,109.3 2 1
room_booking_management/room_booking_service/internal/repository/booking_repository.go:111.2,111.12 1 1
room_booking_management/room_booking_service/internal/repository/booking_repository.go:115.98,121.16 3 1
room_booking_management/room_booking_service/internal/repository/booking_repository.go:121.16,122.45 1 1
room_booking_management/room_booking_service/internal/repository/booking_repository.go:122.45,128.4 1 1
room_booking_management/room_booking_service/internal/repository/booking_repository.go:129.3,130.92 2 1
room_booking_management/room_booking_service/internal/repository/booking_repository.go:133.2,133.100 1 1
room_booking_management/room_booking_service/internal/repository/booking_repository.go:133.100,136.3 2 1
room_booking_management/room_booking_service/internal/repository/booking_repository.go:138.2,138.12 1 1
room_booking_management/room_booking_service/internal/repository/booking_repository.go:141.99,145.122 3 1
room_booking_management/room_booking_service/internal/repository/booking_repository.go:145.122,148.3 2 1
room_booking_management/room_booking_service/internal/repository/booking_repository.go:150.2,150.99 1 1
room_booking_management/room_booking_service/internal/repository/booking_repository.go:150.99,153.3 2 1
room_booking_management/room_booking_service/internal/repository/booking_repository.go:155.2,155.26 1 1
room_booking_management/room_booking_service/internal/repository/booking_repository.go:158.122,165.16 3 1
room_booking_management/room_booking_service/internal/repository/booking_repository.go:165.16,166.45 1 1
room_booking_management/room_booking_service/internal/repository/booking_repository.go:166.45,172.4 1 1
room_booking_management/room_booking_service/internal/repository/booking_repository.go:173.3,174.97 2 1
room_booking_management/room_booking_service/internal/repository/booking_repository.go:177.2,177.22 1 1
room_booking_management/room_booking_service/internal/dtos/response_dto.go:22.32,24.2 1 0
room_booking_management/room_booking_service/internal/dtos/response_dto.go:37.42,39.2 1 0
room_booking_management/room_booking_service/internal/dtos/response_dto.go:41.60,47.2 1 0
room_booking_management/room_booking_service/internal/loggers/logger.go:24.39,25.54 1 1
room_booking_management/room_booking_service/internal/loggers/logger.go:25.54,26.79 1 0
room_booking_management/room_booking_service/internal/loggers/logger.go:29.2,31.16 3 1
room_booking_management/room_booking_service/internal/loggers/logger.go:31.16,32.70 1 0
room_booking_management/room_booking_service/internal/loggers/logger.go:35.2,54.98 5 1
room_booking_management/room_booking_service/internal/loggers/logger.go:57.56,60.2 1 1
room_booking_management/room_booking_service/internal/loggers/logger.go:61.57,65.2 1 1
room_booking_management/room_booking_service/internal/loggers/logger.go:66.56,70.2 1 0
room_booking_management/room_booking_service/internal/loggers/logger.go:71.57,74.2 1 0
room_booking_management/room_booking_service/internal/loggers/logger.go:75.25,77.2 1 1
room_booking_management/room_booking_service/internal/loggers/logger.go:79.45,80.15 1 1
room_booking_management/room_booking_service/internal/loggers/logger.go:81.15,82.28 1 0
room_booking_management/room_booking_service/internal/loggers/logger.go:83.14,84.27 1 0
room_booking_management/room_booking_service/internal/loggers/logger.go:85.14,86.27 1 0
room_booking_management/room_booking_service/internal/loggers/logger.go:87.15,88.28 1 0
room_booking_management/room_booking_service/internal/loggers/logger.go:89.10,90.27 1 1
room_booking_management/room_booking_service/internal/models/booking.go:22.36,24.2 1 0
room_booking_management/room_booking_service/internal/models/booking.go:42.32,44.2 1 0
room_booking_management/room_booking_service/internal/models/booking.go:65.35,67.2 1 0
room_booking_management/room_booking_service/internal/repository/booking_repository.go:35.103,37.2 1 0
room_booking_management/room_booking_service/internal/repository/booking_repository.go:40.119,46.16 3 0
room_booking_management/room_booking_service/internal/repository/booking_repository.go:46.16,47.45 1 0
room_booking_management/room_booking_service/internal/repository/booking_repository.go:47.45,49.4 1 0
room_booking_management/room_booking_service/internal/repository/booking_repository.go:50.3,51.99 2 0
room_booking_management/room_booking_service/internal/repository/booking_repository.go:54.2,54.23 1 0
room_booking_management/room_booking_service/internal/repository/booking_repository.go:57.108,58.80 1 0
room_booking_management/room_booking_service/internal/repository/booking_repository.go:58.80,61.3 2 0
room_booking_management/room_booking_service/internal/repository/booking_repository.go:62.2,62.12 1 0
room_booking_management/room_booking_service/internal/repository/booking_repository.go:64.107,70.16 3 0
room_booking_management/room_booking_service/internal/repository/booking_repository.go:70.16,71.45 1 0
room_booking_management/room_booking_service/internal/repository/booking_repository.go:71.45,77.4 1 0
room_booking_management/room_booking_service/internal/repository/booking_repository.go:78.3,79.94 2 0
room_booking_management/room_booking_service/internal/repository/booking_repository.go:82.2,82.19 1 0
room_booking_management/room_booking_service/internal/repository/booking_repository.go:86.141,96.16 3 0
room_booking_management/room_booking_service/internal/repository/booking_repository.go:96.16,99.3 2 0
room_booking_management/room_booking_service/internal/repository/booking_repository.go:101.2,101.24 1 0
room_booking_management/room_booking_service/internal/repository/booking_repository.go:104.105,105.79 1 0
room_booking_management/room_booking_service/internal/repository/booking_repository.go:105.79,109.3 2 0
room_booking_management/room_booking_service/internal/repository/booking_repository.go:111.2,111.12 1 0
room_booking_management/room_booking_service/internal/repository/booking_repository.go:115.98,121.16 3 0
room_booking_management/room_booking_service/internal/repository/booking_repository.go:121.16,122.45 1 0
room_booking_management/room_booking_service/internal/repository/booking_repository.go:122.45,128.4 1 0
room_booking_management/room_booking_service/internal/repository/booking_repository.go:129.3,130.92 2 0
room_booking_management/room_booking_service/internal/repository/booking_repository.go:133.2,133.100 1 0
room_booking_management/room_booking_service/internal/repository/booking_repository.go:133.100,136.3 2 0
room_booking_management/room_booking_service/internal/repository/booking_repository.go:138.2,138.12 1 0
room_booking_management/room_booking_service/internal/repository/booking_repository.go:141.99,145.122 3 0
room_booking_management/room_booking_service/internal/repository/booking_repository.go:145.122,148.3 2 0
room_booking_management/room_booking_service/internal/repository/booking_repository.go:150.2,150.99 1 0
room_booking_management/room_booking_service/internal/repository/booking_repository.go:150.99,153.3 2 0
room_booking_management/room_booking_service/internal/repository/booking_repository.go:155.2,155.26 1 0
room_booking_management/room_booking_service/internal/repository/booking_repository.go:158.122,165.16 3 0
room_booking_management/room_booking_service/internal/repository/booking_repository.go:165.16,166.45 1 0
room_booking_management/room_booking_service/internal/repository/booking_repository.go:166.45,172.4 1 0
room_booking_management/room_booking_service/internal/repository/booking_repository.go:173.3,174.97 2 0
room_booking_management/room_booking_service/internal/repository/booking_repository.go:177.2,177.22 1 0
room_booking_management/room_booking_service/internal/services/booking_service.go:34.31,39.2 1 1
room_booking_management/room_booking_service/internal/services/booking_service.go:42.47,45.2 2 1
room_booking_management/room_booking_service/internal/services/booking_service.go:48.112,51.75 2 1
room_booking_management/room_booking_service/internal/services/booking_service.go:51.75,55.3 1 1
room_booking_management/room_booking_service/internal/services/booking_service.go:57.2,58.19 2 1
room_booking_management/room_booking_service/internal/services/booking_service.go:58.19,61.37 3 1
room_booking_management/room_booking_service/internal/services/booking_service.go:61.37,63.4 1 0
room_booking_management/room_booking_service/internal/services/booking_service.go:64.3,64.92 1 1
room_booking_management/room_booking_service/internal/services/booking_service.go:67.2,68.19 2 1
room_booking_management/room_booking_service/internal/services/booking_service.go:68.19,71.3 2 1
room_booking_management/room_booking_service/internal/services/booking_service.go:72.2,72.16 1 1
room_booking_management/room_booking_service/internal/services/booking_service.go:72.16,76.3 1 1
room_booking_management/room_booking_service/internal/services/booking_service.go:78.2,88.19 5 1
room_booking_management/room_booking_service/internal/services/booking_service.go:88.19,94.3 2 1
room_booking_management/room_booking_service/internal/services/booking_service.go:96.2,96.21 1 1
room_booking_management/room_booking_service/internal/services/booking_service.go:96.21,101.3 1 1
room_booking_management/room_booking_service/internal/services/booking_service.go:101.8,115.79 3 1
room_booking_management/room_booking_service/internal/services/booking_service.go:115.79,118.4 2 1
room_booking_management/room_booking_service/internal/services/booking_service.go:121.2,133.76 2 1
room_booking_management/room_booking_service/internal/services/booking_service.go:133.76,136.3 2 1
room_booking_management/room_booking_service/internal/services/booking_service.go:138.2,150.11 2 1
room_booking_management/room_booking_service/internal/services/booking_service.go:154.101,157.78 2 1
room_booking_management/room_booking_service/internal/services/booking_service.go:157.78,163.33 3 1
room_booking_management/room_booking_service/internal/services/booking_service.go:163.33,165.4 1 1
room_booking_management/room_booking_service/internal/services/booking_service.go:166.3,166.102 1 1
room_booking_management/room_booking_service/internal/services/booking_service.go:169.2,172.11 2 1
room_booking_management/room_booking_service/internal/services/booking_service.go:176.78,180.19 3 1
room_booking_management/room_booking_service/internal/services/booking_service.go:180.19,183.3 2 1
room_booking_management/room_booking_service/internal/services/booking_service.go:185.2,186.26 2 1
room_booking_management/room_booking_service/internal/services/booking_service.go:186.26,195.3 1 1
room_booking_management/room_booking_service/internal/services/booking_service.go:197.2,199.13 3 1
room_booking_management/room_booking_service/internal/services/booking_service.go:203.106,207.19 3 1
room_booking_management/room_booking_service/internal/services/booking_service.go:207.19,213.33 3 1
room_booking_management/room_booking_service/internal/services/booking_service.go:213.33,215.4 1 1
room_booking_management/room_booking_service/internal/services/booking_service.go:216.3,216.95 1 1
room_booking_management/room_booking_service/internal/services/booking_service.go:219.2,226.11 1 1
room_booking_management/room_booking_service/internal/utils/utils.go:17.71,18.45 1 0
room_booking_management/room_booking_service/internal/utils/utils.go:18.45,20.6 1 0
room_booking_management/room_booking_service/internal/utils/utils.go:21.5,22.59 2 0
room_booking_management/room_booking_service/internal/utils/utils.go:22.59,24.6 1 0
room_booking_management/room_booking_service/internal/utils/utils.go:27.49,30.46 2 0
room_booking_management/room_booking_service/internal/utils/utils.go:30.46,31.71 1 0
room_booking_management/room_booking_service/internal/utils/utils.go:31.71,32.48 1 0
room_booking_management/room_booking_service/internal/utils/utils.go:32.48,38.14 1 0
room_booking_management/room_booking_service/internal/utils/utils.go:39.15,45.10 1 0
room_booking_management/room_booking_service/internal/utils/utils.go:48.5,48.28 1 0
room_booking_management/room_booking_service/internal/utils/utils.go:51.68,52.37 1 0
room_booking_management/room_booking_service/internal/utils/utils.go:52.37,55.6 2 0
room_booking_management/room_booking_service/internal/utils/utils.go:57.5,57.39 1 0
room_booking_management/room_booking_service/internal/utils/utils.go:58.45,59.47 1 0
room_booking_management/room_booking_service/internal/utils/utils.go:60.47,61.49 1 0
room_booking_management/room_booking_service/internal/utils/utils.go:62.45,63.58 1 0
room_booking_management/room_booking_service/internal/utils/utils.go:64.49,65.51 1 0
room_booking_management/room_booking_service/internal/utils/utils.go:66.47,67.49 1 0
room_booking_management/room_booking_service/internal/utils/utils.go:68.45,69.47 1 0
room_booking_management/room_booking_service/internal/utils/utils.go:70.13,71.58 1 0
room_booking_management/room_booking_service/internal/utils/utils.go:74.5,74.23 1 0
room_booking_management/room_booking_service/internal/utils/utils.go:76.52,78.16 2 0
room_booking_management/room_booking_service/internal/utils/utils.go:78.16,80.3 1 0
room_booking_management/room_booking_service/internal/utils/utils.go:81.2,81.14 1 0
room_booking_management/room_booking_service/internal/utils/utils.go:84.99,86.20 2 1
room_booking_management/room_booking_service/internal/utils/utils.go:86.20,88.6 1 1
room_booking_management/room_booking_service/internal/utils/utils.go:89.5,96.6 1 1
room_booking_management/room_booking_service/internal/utils/utils.go:100.100,109.2 1 1
room_booking_management/room_booking_service/internal/config/config.go:20.59,23.47 2 0
room_booking_management/room_booking_service/internal/config/config.go:23.47,24.25 1 0
room_booking_management/room_booking_service/internal/config/config.go:24.25,26.4 1 0
room_booking_management/room_booking_service/internal/config/config.go:26.9,28.4 1 0
room_booking_management/room_booking_service/internal/config/config.go:31.2,41.30 2 0
room_booking_management/room_booking_service/internal/config/config.go:41.30,43.3 1 0
room_booking_management/room_booking_service/internal/config/config.go:45.2,45.20 1 0
room_booking_management/room_booking_service/internal/config/config.go:48.46,49.42 1 0
room_booking_management/room_booking_service/internal/config/config.go:49.42,51.3 1 0
room_booking_management/room_booking_service/internal/config/config.go:52.2,52.21 1 0
room_booking_management/room_booking_service/internal/dtos/response_dto.go:22.32,24.2 1 0
room_booking_management/room_booking_service/internal/dtos/response_dto.go:37.42,39.2 1 0
room_booking_management/room_booking_service/internal/dtos/response_dto.go:41.60,47.2 1 0
room_booking_management/room_booking_service/internal/handlers/booking_handler.go:30.137,35.2 1 1
room_booking_management/room_booking_service/internal/handlers/booking_handler.go:38.82,43.61 4 1
room_booking_management/room_booking_service/internal/handlers/booking_handler.go:43.61,50.3 4 1
room_booking_management/room_booking_service/internal/handlers/booking_handler.go:52.2,52.54 1 1
room_booking_management/room_booking_service/internal/handlers/booking_handler.go:52.54,56.3 3 1
room_booking_management/room_booking_service/internal/handlers/booking_handler.go:58.2,59.41 2 1
room_booking_management/room_booking_service/internal/handlers/booking_handler.go:63.84,69.21 5 1
room_booking_management/room_booking_service/internal/handlers/booking_handler.go:69.21,75.3 3 1
room_booking_management/room_booking_service/internal/handlers/booking_handler.go:77.2,78.41 2 1
room_booking_management/room_booking_service/internal/handlers/booking_handler.go:81.79,88.21 5 1
room_booking_management/room_booking_service/internal/handlers/booking_handler.go:88.21,92.3 3 1
room_booking_management/room_booking_service/internal/handlers/booking_handler.go:94.2,95.41 2 1
room_booking_management/room_booking_service/internal/handlers/routes.go:15.99,30.2 8 1
room_booking_management/room_booking_service/internal/loggers/logger.go:24.39,25.54 1 1
room_booking_management/room_booking_service/internal/loggers/logger.go:25.54,26.79 1 0
room_booking_management/room_booking_service/internal/loggers/logger.go:29.2,31.16 3 1
room_booking_management/room_booking_service/internal/loggers/logger.go:31.16,32.70 1 0
room_booking_management/room_booking_service/internal/loggers/logger.go:35.2,54.98 5 1
room_booking_management/room_booking_service/internal/loggers/logger.go:57.56,60.2 1 1
room_booking_management/room_booking_service/internal/loggers/logger.go:61.57,65.2 1 1
room_booking_management/room_booking_service/internal/loggers/logger.go:66.56,70.2 1 1
room_booking_management/room_booking_service/internal/loggers/logger.go:71.57,74.2 1 0
room_booking_management/room_booking_service/internal/loggers/logger.go:75.25,77.2 1 1
room_booking_management/room_booking_service/internal/loggers/logger.go:79.45,80.15 1 1
room_booking_management/room_booking_service/internal/loggers/logger.go:81.15,82.28 1 0
room_booking_management/room_booking_service/internal/loggers/logger.go:83.14,84.27 1 0
room_booking_management/room_booking_service/internal/loggers/logger.go:85.14,86.27 1 0
room_booking_management/room_booking_service/internal/loggers/logger.go:87.15,88.28 1 0
room_booking_management/room_booking_service/internal/loggers/logger.go:89.10,90.27 1 1
room_booking_management/room_booking_service/internal/models/booking.go:22.36,24.2 1 0
room_booking_management/room_booking_service/internal/models/booking.go:42.32,44.2 1 1
room_booking_management/room_booking_service/internal/models/booking.go:65.35,67.2 1 1
room_booking_management/room_booking_service/internal/repository/booking_repository.go:35.103,37.2 1 1
room_booking_management/room_booking_service/internal/repository/booking_repository.go:40.119,46.16 3 0
room_booking_management/room_booking_service/internal/repository/booking_repository.go:46.16,47.45 1 0
room_booking_management/room_booking_service/internal/repository/booking_repository.go:47.45,49.4 1 0
room_booking_management/room_booking_service/internal/repository/booking_repository.go:50.3,51.99 2 0
room_booking_management/room_booking_service/internal/repository/booking_repository.go:54.2,54.23 1 0
room_booking_management/room_booking_service/internal/repository/booking_repository.go:57.108,58.80 1 0
room_booking_management/room_booking_service/internal/repository/booking_repository.go:58.80,61.3 2 0
room_booking_management/room_booking_service/internal/repository/booking_repository.go:62.2,62.12 1 0
room_booking_management/room_booking_service/internal/repository/booking_repository.go:64.107,70.16 3 1
room_booking_management/room_booking_service/internal/repository/booking_repository.go:70.16,71.45 1 1
room_booking_management/room_booking_service/internal/repository/booking_repository.go:71.45,77.4 1 0
room_booking_management/room_booking_service/internal/repository/booking_repository.go:78.3,79.94 2 1
room_booking_management/room_booking_service/internal/repository/booking_repository.go:82.2,82.19 1 0
room_booking_management/room_booking_service/internal/repository/booking_repository.go:86.141,96.16 3 0
room_booking_management/room_booking_service/internal/repository/booking_repository.go:96.16,99.3 2 0
room_booking_management/room_booking_service/internal/repository/booking_repository.go:101.2,101.24 1 0
room_booking_management/room_booking_service/internal/repository/booking_repository.go:104.105,105.79 1 0
room_booking_management/room_booking_service/internal/repository/booking_repository.go:105.79,109.3 2 0
room_booking_management/room_booking_service/internal/repository/booking_repository.go:111.2,111.12 1 0
room_booking_management/room_booking_service/internal/repository/booking_repository.go:115.98,121.16 3 1
room_booking_management/room_booking_service/internal/repository/booking_repository.go:121.16,122.45 1 1
room_booking_management/room_booking_service/internal/repository/booking_repository.go:122.45,128.4 1 1
room_booking_management/room_booking_service/internal/repository/booking_repository.go:129.3,130.92 2 0
room_booking_management/room_booking_service/internal/repository/booking_repository.go:133.2,133.100 1 1
room_booking_management/room_booking_service/internal/repository/booking_repository.go:133.100,136.3 2 0
room_booking_management/room_booking_service/internal/repository/booking_repository.go:138.2,138.12 1 1
room_booking_management/room_booking_service/internal/repository/booking_repository.go:141.99,145.122 3 1
room_booking_management/room_booking_service/internal/repository/booking_repository.go:145.122,148.3 2 1
room_booking_management/room_booking_service/internal/repository/booking_repository.go:150.2,150.99 1 0
room_booking_management/room_booking_service/internal/repository/booking_repository.go:150.99,153.3 2 0
room_booking_management/room_booking_service/internal/repository/booking_repository.go:155.2,155.26 1 0
room_booking_management/room_booking_service/internal/repository/booking_repository.go:158.122,165.16 3 1
room_booking_management/room_booking_service/internal/repository/booking_repository.go:165.16,166.45 1 1
room_booking_management/room_booking_service/internal/repository/booking_repository.go:166.45,172.4 1 1
room_booking_management/room_booking_service/internal/repository/booking_repository.go:173.3,174.97 2 1
room_booking_management/room_booking_service/internal/repository/booking_repository.go:177.2,177.22 1 0
room_booking_management/room_booking_service/internal/services/booking_service.go:34.31,39.2 1 1
room_booking_management/room_booking_service/internal/services/booking_service.go:42.47,45.2 2 1
room_booking_management/room_booking_service/internal/services/booking_service.go:48.112,51.75 2 1
room_booking_management/room_booking_service/internal/services/booking_service.go:51.75,55.3 1 0
room_booking_management/room_booking_service/internal/services/booking_service.go:57.2,58.19 2 1
room_booking_management/room_booking_service/internal/services/booking_service.go:58.19,61.37 3 1
room_booking_management/room_booking_service/internal/services/booking_service.go:61.37,63.4 1 0
room_booking_management/room_booking_service/internal/services/booking_service.go:64.3,64.92 1 1
room_booking_management/room_booking_service/internal/services/booking_service.go:67.2,68.19 2 0
room_booking_management/room_booking_service/internal/services/booking_service.go:68.19,71.3 2 0
room_booking_management/room_booking_service/internal/services/booking_service.go:72.2,72.16 1 0
room_booking_management/room_booking_service/internal/services/booking_service.go:72.16,76.3 1 0
room_booking_management/room_booking_service/internal/services/booking_service.go:78.2,88.19 5 0
room_booking_management/room_booking_service/internal/services/booking_service.go:88.19,94.3 2 0
room_booking_management/room_booking_service/internal/services/booking_service.go:96.2,96.21 1 0
room_booking_management/room_booking_service/internal/services/booking_service.go:96.21,101.3 1 0
room_booking_management/room_booking_service/internal/services/booking_service.go:101.8,115.79 3 0
room_booking_management/room_booking_service/internal/services/booking_service.go:115.79,118.4 2 0
room_booking_management/room_booking_service/internal/services/booking_service.go:121.2,133.76 2 0
room_booking_management/room_booking_service/internal/services/booking_service.go:133.76,136.3 2 0
room_booking_management/room_booking_service/internal/services/booking_service.go:138.2,150.11 2 0
room_booking_management/room_booking_service/internal/services/booking_service.go:154.101,157.78 2 1
room_booking_management/room_booking_service/internal/services/booking_service.go:157.78,163.33 3 1
room_booking_management/room_booking_service/internal/services/booking_service.go:163.33,165.4 1 1
room_booking_management/room_booking_service/internal/services/booking_service.go:166.3,166.102 1 1
room_booking_management/room_booking_service/internal/services/booking_service.go:169.2,172.11 2 1
room_booking_management/room_booking_service/internal/services/booking_service.go:176.78,180.19 3 1
room_booking_management/room_booking_service/internal/services/booking_service.go:180.19,183.3 2 1
room_booking_management/room_booking_service/internal/services/booking_service.go:185.2,186.26 2 0
room_booking_management/room_booking_service/internal/services/booking_service.go:186.26,195.3 1 0
room_booking_management/room_booking_service/internal/services/booking_service.go:197.2,199.13 3 0
room_booking_management/room_booking_service/internal/services/booking_service.go:203.106,207.19 3 1
room_booking_management/room_booking_service/internal/services/booking_service.go:207.19,213.33 3 1
room_booking_management/room_booking_service/internal/services/booking_service.go:213.33,215.4 1 1
room_booking_management/room_booking_service/internal/services/booking_service.go:216.3,216.95 1 1
room_booking_management/room_booking_service/internal/services/booking_service.go:219.2,226.11 1 0
room_booking_management/room_booking_service/internal/utils/utils.go:17.71,18.45 1 1
room_booking_management/room_booking_service/internal/utils/utils.go:18.45,20.6 1 1
room_booking_management/room_booking_service/internal/utils/utils.go:21.5,22.59 2 1
room_booking_management/room_booking_service/internal/utils/utils.go:22.59,24.6 1 0
room_booking_management/room_booking_service/internal/utils/utils.go:27.49,30.46 2 1
room_booking_management/room_booking_service/internal/utils/utils.go:30.46,31.71 1 1
room_booking_management/room_booking_service/internal/utils/utils.go:31.71,32.48 1 1
room_booking_management/room_booking_service/internal/utils/utils.go:32.48,38.14 1 1
room_booking_management/room_booking_service/internal/utils/utils.go:39.15,45.10 1 0
room_booking_management/room_booking_service/internal/utils/utils.go:48.5,48.28 1 1
room_booking_management/room_booking_service/internal/utils/utils.go:51.68,52.37 1 0
room_booking_management/room_booking_service/internal/utils/utils.go:52.37,55.6 2 0
room_booking_management/room_booking_service/internal/utils/utils.go:57.5,57.39 1 0
room_booking_management/room_booking_service/internal/utils/utils.go:58.45,59.47 1 0
room_booking_management/room_booking_service/internal/utils/utils.go:60.47,61.49 1 0
room_booking_management/room_booking_service/internal/utils/utils.go:62.45,63.58 1 0
room_booking_management/room_booking_service/internal/utils/utils.go:64.49,65.51 1 0
room_booking_management/room_booking_service/internal/utils/utils.go:66.47,67.49 1 0
room_booking_management/room_booking_service/internal/utils/utils.go:68.45,69.47 1 0
room_booking_management/room_booking_service/internal/utils/utils.go:70.13,71.58 1 0
room_booking_management/room_booking_service/internal/utils/utils.go:74.5,74.23 1 0
room_booking_management/room_booking_service/internal/utils/utils.go:76.52,78.16 2 1
room_booking_management/room_booking_service/internal/utils/utils.go:78.16,80.3 1 1
room_booking_management/room_booking_service/internal/utils/utils.go:81.2,81.14 1 1
room_booking_management/room_booking_service/internal/utils/utils.go:84.99,86.20 2 1
room_booking_management/room_booking_service/internal/utils/utils.go:86.20,88.6 1 1
room_booking_management/room_booking_service/internal/utils/utils.go:89.5,96.6 1 1
room_booking_management/room_booking_service/internal/utils/utils.go:100.100,109.2 1 1
